<?xml version="1.0" encoding="UTF-8"?>
<!-- Generated by org.testng.reporters.JUnitXMLReporter -->
<testsuite hostname="alok-PC" name="Default test" tests="5" failures="0" timestamp="25 May 2017 02:52:44 GMT" time="34.457" errors="0">
  <testcase name="testLogin" time="2.7" classname="testcases.HybridExecuteTest"/>
  <testcase name="testLogin" time="22.814" classname="testcases.HybridExecuteTest"/>
  <testcase name="testLogin" time="0.302" classname="testcases.HybridExecuteTest"/>
  <testcase name="testLogin" time="0.542" classname="testcases.HybridExecuteTest"/>
  <testcase name="testLogin" time="2.003" classname="testcases.HybridExecuteTest"/>
</testsuite> <!-- Default test -->
