<?xml version="1.0" encoding="UTF-8"?>
<testng-results skipped="0" failed="0" ignored="0" total="1" passed="1">
  <reporter-output>
  </reporter-output>
  <suite name="Default suite" duration-ms="41648" started-at="2018-06-29T11:38:21Z" finished-at="2018-06-29T11:39:03Z">
    <groups>
    </groups>
    <test name="Default test" duration-ms="41648" started-at="2018-06-29T11:38:21Z" finished-at="2018-06-29T11:39:03Z">
      <class name="TestCase.Executescript">
        <test-method status="PASS" signature="testLogin()[pri:0, instance:TestCase.Executescript@3bfdc050]" name="testLogin" duration-ms="41617" started-at="2018-06-29T17:08:21Z" finished-at="2018-06-29T17:09:03Z">
          <reporter-output>
          </reporter-output>
        </test-method> <!-- testLogin -->
      </class> <!-- TestCase.Executescript -->
    </test> <!-- Default test -->
  </suite> <!-- Default suite -->
</testng-results>
