<?xml version="1.0" encoding="UTF-8"?>
<testng-results skipped="0" failed="0" ignored="0" total="1" passed="1">
  <reporter-output>
  </reporter-output>
  <suite name="Default suite" duration-ms="72770" started-at="2018-06-17T18:28:34Z" finished-at="2018-06-17T18:29:47Z">
    <groups>
    </groups>
    <test name="Default test" duration-ms="72770" started-at="2018-06-17T18:28:34Z" finished-at="2018-06-17T18:29:47Z">
      <class name="testcases.ExecuteTest1">
        <test-method status="PASS" signature="testLogin()[pri:0, instance:testcases.ExecuteTest1@47c62251]" name="testLogin" duration-ms="72718" started-at="2018-06-17T23:58:34Z" finished-at="2018-06-17T23:59:47Z">
          <reporter-output>
          </reporter-output>
        </test-method> <!-- testLogin -->
      </class> <!-- testcases.ExecuteTest1 -->
    </test> <!-- Default test -->
  </suite> <!-- Default suite -->
</testng-results>
