<?xml version="1.0" encoding="UTF-8"?>
<testng-results skipped="0" failed="0" total="1" passed="1">
  <reporter-output>
  </reporter-output>
  <suite name="Default suite" duration-ms="31" started-at="2019-04-22T14:37:13Z" finished-at="2019-04-22T14:37:13Z">
    <groups>
    </groups>
    <test name="Default test" duration-ms="31" started-at="2019-04-22T14:37:13Z" finished-at="2019-04-22T14:37:13Z">
      <class name="test.aLOK">
        <test-method status="PASS" signature="test()[pri:0, instance:test.aLOK@643b1d11]" name="test" duration-ms="0" started-at="2019-04-22T20:07:13Z" finished-at="2019-04-22T20:07:13Z">
          <reporter-output>
          </reporter-output>
        </test-method> <!-- test -->
      </class> <!-- test.aLOK -->
    </test> <!-- Default test -->
  </suite> <!-- Default suite -->
</testng-results>
