<?xml version="1.0" encoding="UTF-8"?>
<testng-results skipped="0" failed="0" total="1" passed="1">
  <reporter-output>
  </reporter-output>
  <suite name="Default suite" duration-ms="27542" started-at="2017-08-04T15:36:02Z" finished-at="2017-08-04T15:36:29Z">
    <groups>
    </groups>
    <test name="Default test" duration-ms="27542" started-at="2017-08-04T15:36:02Z" finished-at="2017-08-04T15:36:29Z">
      <class name="testcases.executetestday10">
        <test-method status="PASS" signature="testLogin()[pri:0, instance:testcases.executetestday10@2b98378d]" name="testLogin" duration-ms="27488" started-at="2017-08-04T21:06:02Z" finished-at="2017-08-04T21:06:29Z">
          <reporter-output>
          </reporter-output>
        </test-method> <!-- testLogin -->
      </class> <!-- testcases.executetestday10 -->
    </test> <!-- Default test -->
  </suite> <!-- Default suite -->
</testng-results>
