<?xml version="1.0" encoding="UTF-8"?>
<!-- Generated by org.testng.reporters.JUnitXMLReporter -->
<testsuite hostname="QA_Alok-PC-83" ignored="0" name="Default test" tests="12" failures="0" timestamp="23 Jan 2019 14:23:06 GMT" time="27.094" errors="0">
  <testcase name="testMethod" time="0.672" classname="demo.xlsxdata"/>
  <testcase name="testMethod" time="0.432" classname="demo.xlsxdata"/>
  <testcase name="testMethod" time="0.427" classname="demo.xlsxdata"/>
  <testcase name="testMethod" time="0.41" classname="demo.xlsxdata"/>
  <testcase name="testMethod" time="0.39" classname="demo.xlsxdata"/>
  <testcase name="testMethod" time="0.431" classname="demo.xlsxdata"/>
  <testcase name="testMethod" time="0.38" classname="demo.xlsxdata"/>
  <testcase name="testMethod" time="0.42" classname="demo.xlsxdata"/>
  <testcase name="testMethod" time="0.392" classname="demo.xlsxdata"/>
  <testcase name="testMethod" time="0.452" classname="demo.xlsxdata"/>
  <testcase name="testMethod" time="0.468" classname="demo.xlsxdata"/>
  <testcase name="testMethod" time="0.422" classname="demo.xlsxdata"/>
</testsuite> <!-- Default test -->
